  [1m[35m (297.2ms)[0m  [1m[35mCREATE DATABASE "Jiator_development" ENCODING = 'unicode'[0m
  ↳ bin/rails:9
  [1m[35m (302.6ms)[0m  [1m[35mCREATE DATABASE "Jiator_test" ENCODING = 'unicode'[0m
  ↳ bin/rails:9
  [1m[35m (9.0ms)[0m  [1m[35mCREATE TABLE "schema_migrations" ("version" character varying NOT NULL PRIMARY KEY)[0m
  ↳ bin/rails:9
  [1m[35m (6.0ms)[0m  [1m[35mCREATE TABLE "ar_internal_metadata" ("key" character varying NOT NULL PRIMARY KEY, "value" character varying, "created_at" timestamp NOT NULL, "updated_at" timestamp NOT NULL)[0m
  ↳ bin/rails:9
  [1m[35m (0.2ms)[0m  [1m[34mSELECT pg_try_advisory_lock(1208850255673969335)[0m
  ↳ bin/rails:9
  [1m[35m (0.5ms)[0m  [1m[34mSELECT "schema_migrations"."version" FROM "schema_migrations" ORDER BY "schema_migrations"."version" ASC[0m
  ↳ bin/rails:9
Migrating to CreateUsers (20200302195617)
  [1m[35m (0.3ms)[0m  [1m[35mBEGIN[0m
  ↳ bin/rails:9
  [1m[35m (6.3ms)[0m  [1m[35mCREATE TABLE "users" ("id" bigserial primary key, "username" character varying NOT NULL, "email" character varying NOT NULL, "first_name" character varying NOT NULL, "last_name" character varying NOT NULL, "password_digest" character varying NOT NULL, "session_token" character varying NOT NULL, "created_at" timestamp NOT NULL, "updated_at" timestamp NOT NULL)[0m
  ↳ db/migrate/20200302195617_create_users.rb:3
  [1m[35m (2.7ms)[0m  [1m[35mCREATE UNIQUE INDEX  "index_users_on_username" ON "users"  ("username")[0m
  ↳ db/migrate/20200302195617_create_users.rb:14
  [1m[35m (2.4ms)[0m  [1m[35mCREATE UNIQUE INDEX  "index_users_on_session_token" ON "users"  ("session_token")[0m
  ↳ db/migrate/20200302195617_create_users.rb:15
  [1m[35m (2.5ms)[0m  [1m[35mCREATE UNIQUE INDEX  "index_users_on_email" ON "users"  ("email")[0m
  ↳ db/migrate/20200302195617_create_users.rb:16
  [1m[36mActiveRecord::SchemaMigration Create (0.5ms)[0m  [1m[32mINSERT INTO "schema_migrations" ("version") VALUES ($1) RETURNING "version"[0m  [["version", "20200302195617"]]
  ↳ bin/rails:9
  [1m[35m (1.1ms)[0m  [1m[35mCOMMIT[0m
  ↳ bin/rails:9
  [1m[36mActiveRecord::InternalMetadata Load (0.3ms)[0m  [1m[34mSELECT  "ar_internal_metadata".* FROM "ar_internal_metadata" WHERE "ar_internal_metadata"."key" = $1 LIMIT $2[0m  [["key", "environment"], ["LIMIT", 1]]
  ↳ bin/rails:9
  [1m[35m (0.2ms)[0m  [1m[35mBEGIN[0m
  ↳ bin/rails:9
  [1m[36mActiveRecord::InternalMetadata Create (0.5ms)[0m  [1m[32mINSERT INTO "ar_internal_metadata" ("key", "value", "created_at", "updated_at") VALUES ($1, $2, $3, $4) RETURNING "key"[0m  [["key", "environment"], ["value", "development"], ["created_at", "2020-03-02 20:03:04.132945"], ["updated_at", "2020-03-02 20:03:04.132945"]]
  ↳ bin/rails:9
  [1m[35m (0.8ms)[0m  [1m[35mCOMMIT[0m
  ↳ bin/rails:9
  [1m[35m (0.2ms)[0m  [1m[34mSELECT pg_advisory_unlock(1208850255673969335)[0m
  ↳ bin/rails:9
  [1m[35m (0.2ms)[0m  [1m[34mSELECT "schema_migrations"."version" FROM "schema_migrations" ORDER BY "schema_migrations"."version" ASC[0m
  ↳ bin/rails:9
  [1m[35m (0.4ms)[0m  [1m[34mSELECT "schema_migrations"."version" FROM "schema_migrations" ORDER BY "schema_migrations"."version" ASC[0m
  ↳ bin/rails:9
Started GET "/" for ::1 at 2020-03-02 14:14:45 -0800
  [1m[35m (0.6ms)[0m  [1m[34mSELECT "schema_migrations"."version" FROM "schema_migrations" ORDER BY "schema_migrations"."version" ASC[0m
  ↳ /home/jon/.rbenv/versions/2.5.1/lib/ruby/gems/2.5.0/gems/activerecord-5.2.4.1/lib/active_record/log_subscriber.rb:98
Processing by StaticPagesController#root as HTML
  Rendering static_pages/root.html.erb within layouts/application
  Rendered static_pages/root.html.erb within layouts/application (1.0ms)
Completed 200 OK in 2276ms (Views: 2275.3ms | ActiveRecord: 0.0ms)


Started GET "/" for ::1 at 2020-03-02 14:21:58 -0800
Processing by StaticPagesController#root as HTML
  Rendering static_pages/root.html.erb within layouts/application
  Rendered static_pages/root.html.erb within layouts/application (0.9ms)
Completed 200 OK in 380ms (Views: 377.9ms | ActiveRecord: 0.0ms)


Started POST "/api/users" for ::1 at 2020-03-02 14:22:16 -0800
Processing by Api::UsersController#create as JSON
  Parameters: {"user"=>{"username"=>"julia01", "email"=>"julia@gmail.com", "first_name"=>"julia", "last_name"=>"TA", "password"=>"[FILTERED]"}}
  [1m[35m (0.2ms)[0m  [1m[35mBEGIN[0m
  ↳ app/controllers/api/users_controller.rb:6
  [1m[36mUser Exists (1.1ms)[0m  [1m[34mSELECT  1 AS one FROM "users" WHERE "users"."username" = $1 LIMIT $2[0m  [["username", "julia01"], ["LIMIT", 1]]
  ↳ app/controllers/api/users_controller.rb:6
  [1m[36mUser Exists (0.4ms)[0m  [1m[34mSELECT  1 AS one FROM "users" WHERE "users"."email" = $1 LIMIT $2[0m  [["email", "julia@gmail.com"], ["LIMIT", 1]]
  ↳ app/controllers/api/users_controller.rb:6
  [1m[36mUser Exists (0.3ms)[0m  [1m[34mSELECT  1 AS one FROM "users" WHERE "users"."session_token" = $1 LIMIT $2[0m  [["session_token", "0YHYhjeBji2xWXLcmOIuAQ=="], ["LIMIT", 1]]
  ↳ app/controllers/api/users_controller.rb:6
  [1m[36mUser Create (0.6ms)[0m  [1m[32mINSERT INTO "users" ("username", "email", "first_name", "last_name", "password_digest", "session_token", "created_at", "updated_at") VALUES ($1, $2, $3, $4, $5, $6, $7, $8) RETURNING "id"[0m  [["username", "julia01"], ["email", "julia@gmail.com"], ["first_name", "julia"], ["last_name", "TA"], ["password_digest", "$2a$12$LfAs1FhX2W7cyVgpZtoVYu0YL8PhiFJUnpcfQkGEvQXehNQe8Jejm"], ["session_token", "0YHYhjeBji2xWXLcmOIuAQ=="], ["created_at", "2020-03-02 22:22:16.888645"], ["updated_at", "2020-03-02 22:22:16.888645"]]
  ↳ app/controllers/api/users_controller.rb:6
  [1m[35m (7.3ms)[0m  [1m[35mCOMMIT[0m
  ↳ app/controllers/api/users_controller.rb:6
Completed 500 Internal Server Error in 378ms (ActiveRecord: 15.2ms)



NoMethodError - undefined method `login' for #<Api::UsersController:0x00007fac465a97f0>
Did you mean?  log_in:
  app/controllers/api/users_controller.rb:7:in `create'

Started GET "/" for ::1 at 2020-03-02 14:28:04 -0800
Processing by StaticPagesController#root as HTML
  Rendering static_pages/root.html.erb within layouts/application
  Rendered static_pages/root.html.erb within layouts/application (0.4ms)
Completed 200 OK in 34ms (Views: 32.8ms | ActiveRecord: 0.0ms)


Started POST "/api/users" for ::1 at 2020-03-02 14:28:10 -0800
Processing by Api::UsersController#create as JSON
  Parameters: {"user"=>{"username"=>"julia01", "email"=>"julia@gmail.com", "first_name"=>"julia", "last_name"=>"TA", "password"=>"[FILTERED]"}}
  [1m[35m (0.3ms)[0m  [1m[35mBEGIN[0m
  ↳ app/controllers/api/users_controller.rb:6
  [1m[36mUser Exists (0.9ms)[0m  [1m[34mSELECT  1 AS one FROM "users" WHERE "users"."username" = $1 LIMIT $2[0m  [["username", "julia01"], ["LIMIT", 1]]
  ↳ app/controllers/api/users_controller.rb:6
  [1m[36mUser Exists (0.4ms)[0m  [1m[34mSELECT  1 AS one FROM "users" WHERE "users"."email" = $1 LIMIT $2[0m  [["email", "julia@gmail.com"], ["LIMIT", 1]]
  ↳ app/controllers/api/users_controller.rb:6
  [1m[36mUser Exists (0.4ms)[0m  [1m[34mSELECT  1 AS one FROM "users" WHERE "users"."session_token" = $1 LIMIT $2[0m  [["session_token", "K7yr9jx6EKad6EIGBsrD8w=="], ["LIMIT", 1]]
  ↳ app/controllers/api/users_controller.rb:6
  [1m[35m (0.4ms)[0m  [1m[31mROLLBACK[0m
  ↳ app/controllers/api/users_controller.rb:6
Completed 422 Unprocessable Entity in 303ms (Views: 0.2ms | ActiveRecord: 2.4ms)


Started GET "/" for ::1 at 2020-03-02 14:28:24 -0800
Processing by StaticPagesController#root as HTML
  Rendering static_pages/root.html.erb within layouts/application
  Rendered static_pages/root.html.erb within layouts/application (0.3ms)
Completed 200 OK in 40ms (Views: 39.1ms | ActiveRecord: 0.0ms)


Started POST "/api/users" for ::1 at 2020-03-02 14:28:56 -0800
Processing by Api::UsersController#create as JSON
  Parameters: {"user"=>{"username"=>"julia02", "email"=>"julia2@gmail.com", "first_name"=>"julia", "last_name"=>"TA", "password"=>"[FILTERED]"}}
  [1m[35m (0.3ms)[0m  [1m[35mBEGIN[0m
  ↳ app/controllers/api/users_controller.rb:6
  [1m[36mUser Exists (0.5ms)[0m  [1m[34mSELECT  1 AS one FROM "users" WHERE "users"."username" = $1 LIMIT $2[0m  [["username", "julia02"], ["LIMIT", 1]]
  ↳ app/controllers/api/users_controller.rb:6
  [1m[36mUser Exists (0.4ms)[0m  [1m[34mSELECT  1 AS one FROM "users" WHERE "users"."email" = $1 LIMIT $2[0m  [["email", "julia2@gmail.com"], ["LIMIT", 1]]
  ↳ app/controllers/api/users_controller.rb:6
  [1m[36mUser Exists (0.4ms)[0m  [1m[34mSELECT  1 AS one FROM "users" WHERE "users"."session_token" = $1 LIMIT $2[0m  [["session_token", "v0IZaeg3z4Vmf3m1cytHmQ=="], ["LIMIT", 1]]
  ↳ app/controllers/api/users_controller.rb:6
  [1m[36mUser Create (0.5ms)[0m  [1m[32mINSERT INTO "users" ("username", "email", "first_name", "last_name", "password_digest", "session_token", "created_at", "updated_at") VALUES ($1, $2, $3, $4, $5, $6, $7, $8) RETURNING "id"[0m  [["username", "julia02"], ["email", "julia2@gmail.com"], ["first_name", "julia"], ["last_name", "TA"], ["password_digest", "$2a$12$mMMojY.QWLFQK4koT503neuJkOW5ztIO4v3y4GWidJ7.X2efJSUBW"], ["session_token", "v0IZaeg3z4Vmf3m1cytHmQ=="], ["created_at", "2020-03-02 22:28:56.506112"], ["updated_at", "2020-03-02 22:28:56.506112"]]
  ↳ app/controllers/api/users_controller.rb:6
  [1m[35m (7.4ms)[0m  [1m[35mCOMMIT[0m
  ↳ app/controllers/api/users_controller.rb:6
Completed 500 Internal Server Error in 391ms (ActiveRecord: 9.5ms)



NoMethodError - undefined method `login' for #<Api::UsersController:0x00007fac46478390>
Did you mean?  log_in:
  app/controllers/api/users_controller.rb:7:in `create'

Started GET "/" for ::1 at 2020-03-02 14:31:28 -0800
Processing by StaticPagesController#root as HTML
  Rendering static_pages/root.html.erb within layouts/application
  Rendered static_pages/root.html.erb within layouts/application (0.5ms)
Completed 200 OK in 36ms (Views: 35.5ms | ActiveRecord: 0.0ms)


Started POST "/api/users" for ::1 at 2020-03-02 14:31:38 -0800
Processing by Api::UsersController#create as JSON
  Parameters: {"user"=>{"username"=>"julia03", "email"=>"julia3@gmail.com", "first_name"=>"julia", "last_name"=>"TA", "password"=>"[FILTERED]"}}
  [1m[35m (0.1ms)[0m  [1m[35mBEGIN[0m
  ↳ app/controllers/api/users_controller.rb:6
  [1m[36mUser Exists (0.3ms)[0m  [1m[34mSELECT  1 AS one FROM "users" WHERE "users"."username" = $1 LIMIT $2[0m  [["username", "julia03"], ["LIMIT", 1]]
  ↳ app/controllers/api/users_controller.rb:6
  [1m[36mUser Exists (0.4ms)[0m  [1m[34mSELECT  1 AS one FROM "users" WHERE "users"."email" = $1 LIMIT $2[0m  [["email", "julia3@gmail.com"], ["LIMIT", 1]]
  ↳ app/controllers/api/users_controller.rb:6
  [1m[36mUser Exists (0.3ms)[0m  [1m[34mSELECT  1 AS one FROM "users" WHERE "users"."session_token" = $1 LIMIT $2[0m  [["session_token", "GhGBJsHE3QOKYYx2engghg=="], ["LIMIT", 1]]
  ↳ app/controllers/api/users_controller.rb:6
  [1m[36mUser Create (0.3ms)[0m  [1m[32mINSERT INTO "users" ("username", "email", "first_name", "last_name", "password_digest", "session_token", "created_at", "updated_at") VALUES ($1, $2, $3, $4, $5, $6, $7, $8) RETURNING "id"[0m  [["username", "julia03"], ["email", "julia3@gmail.com"], ["first_name", "julia"], ["last_name", "TA"], ["password_digest", "$2a$12$6BTYXMOq8JxwIA6xw0JT8uPLUTyF6w7DORzX6gLuZQTtEb0aoepxi"], ["session_token", "GhGBJsHE3QOKYYx2engghg=="], ["created_at", "2020-03-02 22:31:38.584877"], ["updated_at", "2020-03-02 22:31:38.584877"]]
  ↳ app/controllers/api/users_controller.rb:6
  [1m[35m (3.9ms)[0m  [1m[35mCOMMIT[0m
  ↳ app/controllers/api/users_controller.rb:6
  [1m[35m (0.1ms)[0m  [1m[35mBEGIN[0m
  ↳ app/models/user.rb:30
  [1m[36mUser Exists (0.6ms)[0m  [1m[34mSELECT  1 AS one FROM "users" WHERE "users"."username" = $1 AND "users"."id" != $2 LIMIT $3[0m  [["username", "julia03"], ["id", 3], ["LIMIT", 1]]
  ↳ app/models/user.rb:30
  [1m[36mUser Exists (1.9ms)[0m  [1m[34mSELECT  1 AS one FROM "users" WHERE "users"."email" = $1 AND "users"."id" != $2 LIMIT $3[0m  [["email", "julia3@gmail.com"], ["id", 3], ["LIMIT", 1]]
  ↳ app/models/user.rb:30
  [1m[36mUser Exists (0.4ms)[0m  [1m[34mSELECT  1 AS one FROM "users" WHERE "users"."session_token" = $1 AND "users"."id" != $2 LIMIT $3[0m  [["session_token", "RbIZyqIVMJe6vCycDWNCjw=="], ["id", 3], ["LIMIT", 1]]
  ↳ app/models/user.rb:30
  [1m[36mUser Update (0.5ms)[0m  [1m[33mUPDATE "users" SET "session_token" = $1, "updated_at" = $2 WHERE "users"."id" = $3[0m  [["session_token", "RbIZyqIVMJe6vCycDWNCjw=="], ["updated_at", "2020-03-02 22:31:38.599274"], ["id", 3]]
  ↳ app/models/user.rb:30
  [1m[35m (0.7ms)[0m  [1m[35mCOMMIT[0m
  ↳ app/models/user.rb:30
  Rendering api/users/show.json.jbuilder
  Rendered api/users/show.json.jbuilder (6.9ms)
Completed 500 Internal Server Error in 331ms (ActiveRecord: 17.3ms)



NoMethodError - undefined method `{}' for #<User:0x00007fac45e86c70>:
  app/views/api/users/show.json.jbuilder:1:in `_app_views_api_users_show_json_jbuilder__4089448433694624234_70188944004260'
  app/controllers/api/users_controller.rb:8:in `create'

Started GET "/" for ::1 at 2020-03-02 14:32:46 -0800
Processing by StaticPagesController#root as HTML
  Rendering static_pages/root.html.erb within layouts/application
  Rendered static_pages/root.html.erb within layouts/application (0.7ms)
Completed 200 OK in 45ms (Views: 43.0ms | ActiveRecord: 0.0ms)


Started POST "/api/users" for ::1 at 2020-03-02 14:32:52 -0800
Processing by Api::UsersController#create as JSON
  Parameters: {"user"=>{"username"=>"julia03", "email"=>"julia3@gmail.com", "first_name"=>"julia", "last_name"=>"TA", "password"=>"[FILTERED]"}}
  [1m[35m (0.3ms)[0m  [1m[35mBEGIN[0m
  ↳ app/controllers/api/users_controller.rb:6
  [1m[36mUser Exists (0.5ms)[0m  [1m[34mSELECT  1 AS one FROM "users" WHERE "users"."username" = $1 LIMIT $2[0m  [["username", "julia03"], ["LIMIT", 1]]
  ↳ app/controllers/api/users_controller.rb:6
  [1m[36mUser Exists (0.3ms)[0m  [1m[34mSELECT  1 AS one FROM "users" WHERE "users"."email" = $1 LIMIT $2[0m  [["email", "julia3@gmail.com"], ["LIMIT", 1]]
  ↳ app/controllers/api/users_controller.rb:6
  [1m[36mUser Exists (0.5ms)[0m  [1m[34mSELECT  1 AS one FROM "users" WHERE "users"."session_token" = $1 LIMIT $2[0m  [["session_token", "wDIqSDAtd0AmkyOS2Hif+w=="], ["LIMIT", 1]]
  ↳ app/controllers/api/users_controller.rb:6
  [1m[35m (0.3ms)[0m  [1m[31mROLLBACK[0m
  ↳ app/controllers/api/users_controller.rb:6
Completed 422 Unprocessable Entity in 297ms (Views: 0.2ms | ActiveRecord: 1.9ms)


Started GET "/" for ::1 at 2020-03-02 14:33:12 -0800
Processing by StaticPagesController#root as HTML
  Rendering static_pages/root.html.erb within layouts/application
  Rendered static_pages/root.html.erb within layouts/application (0.6ms)
Completed 200 OK in 50ms (Views: 49.4ms | ActiveRecord: 0.0ms)


Started POST "/api/users" for ::1 at 2020-03-02 14:33:20 -0800
Processing by Api::UsersController#create as JSON
  Parameters: {"user"=>{"username"=>"julia04", "email"=>"julia4@gmail.com", "first_name"=>"julia", "last_name"=>"TA", "password"=>"[FILTERED]"}}
  [1m[35m (0.3ms)[0m  [1m[35mBEGIN[0m
  ↳ app/controllers/api/users_controller.rb:6
  [1m[36mUser Exists (0.4ms)[0m  [1m[34mSELECT  1 AS one FROM "users" WHERE "users"."username" = $1 LIMIT $2[0m  [["username", "julia04"], ["LIMIT", 1]]
  ↳ app/controllers/api/users_controller.rb:6
  [1m[36mUser Exists (0.4ms)[0m  [1m[34mSELECT  1 AS one FROM "users" WHERE "users"."email" = $1 LIMIT $2[0m  [["email", "julia4@gmail.com"], ["LIMIT", 1]]
  ↳ app/controllers/api/users_controller.rb:6
  [1m[36mUser Exists (0.4ms)[0m  [1m[34mSELECT  1 AS one FROM "users" WHERE "users"."session_token" = $1 LIMIT $2[0m  [["session_token", "9ro1duD8OrnhMvX55D/KeQ=="], ["LIMIT", 1]]
  ↳ app/controllers/api/users_controller.rb:6
  [1m[36mUser Create (0.3ms)[0m  [1m[32mINSERT INTO "users" ("username", "email", "first_name", "last_name", "password_digest", "session_token", "created_at", "updated_at") VALUES ($1, $2, $3, $4, $5, $6, $7, $8) RETURNING "id"[0m  [["username", "julia04"], ["email", "julia4@gmail.com"], ["first_name", "julia"], ["last_name", "TA"], ["password_digest", "$2a$12$jLiOEm7CSg6gqUqMslTPk.qH7wHXa2oEe0ePN5LHhpHBbpVwJtyPa"], ["session_token", "9ro1duD8OrnhMvX55D/KeQ=="], ["created_at", "2020-03-02 22:33:21.042535"], ["updated_at", "2020-03-02 22:33:21.042535"]]
  ↳ app/controllers/api/users_controller.rb:6
  [1m[35m (7.3ms)[0m  [1m[35mCOMMIT[0m
  ↳ app/controllers/api/users_controller.rb:6
  [1m[35m (0.2ms)[0m  [1m[35mBEGIN[0m
  ↳ app/models/user.rb:30
  [1m[36mUser Exists (0.5ms)[0m  [1m[34mSELECT  1 AS one FROM "users" WHERE "users"."username" = $1 AND "users"."id" != $2 LIMIT $3[0m  [["username", "julia04"], ["id", 4], ["LIMIT", 1]]
  ↳ app/models/user.rb:30
  [1m[36mUser Exists (0.4ms)[0m  [1m[34mSELECT  1 AS one FROM "users" WHERE "users"."email" = $1 AND "users"."id" != $2 LIMIT $3[0m  [["email", "julia4@gmail.com"], ["id", 4], ["LIMIT", 1]]
  ↳ app/models/user.rb:30
  [1m[36mUser Exists (0.4ms)[0m  [1m[34mSELECT  1 AS one FROM "users" WHERE "users"."session_token" = $1 AND "users"."id" != $2 LIMIT $3[0m  [["session_token", "i/JLXSVLgxpwvOv+FnbNSw=="], ["id", 4], ["LIMIT", 1]]
  ↳ app/models/user.rb:30
  [1m[36mUser Update (0.4ms)[0m  [1m[33mUPDATE "users" SET "session_token" = $1, "updated_at" = $2 WHERE "users"."id" = $3[0m  [["session_token", "i/JLXSVLgxpwvOv+FnbNSw=="], ["updated_at", "2020-03-02 22:33:21.058258"], ["id", 4]]
  ↳ app/models/user.rb:30
  [1m[35m (0.9ms)[0m  [1m[35mCOMMIT[0m
  ↳ app/models/user.rb:30
  Rendering api/users/show.json.jbuilder
  Rendered api/users/show.json.jbuilder (0.4ms)
Completed 200 OK in 303ms (Views: 1.9ms | ActiveRecord: 11.8ms)


Started DELETE "/api/session" for ::1 at 2020-03-02 14:34:16 -0800
Processing by Api::SessionsController#destroy as JSON
  [1m[36mUser Load (0.4ms)[0m  [1m[34mSELECT  "users".* FROM "users" WHERE "users"."session_token" = $1 LIMIT $2[0m  [["session_token", "i/JLXSVLgxpwvOv+FnbNSw=="], ["LIMIT", 1]]
  ↳ app/controllers/application_controller.rb:6
  [1m[35m (0.2ms)[0m  [1m[35mBEGIN[0m
  ↳ app/models/user.rb:30
  [1m[36mUser Exists (0.3ms)[0m  [1m[34mSELECT  1 AS one FROM "users" WHERE "users"."username" = $1 AND "users"."id" != $2 LIMIT $3[0m  [["username", "julia04"], ["id", 4], ["LIMIT", 1]]
  ↳ app/models/user.rb:30
  [1m[36mUser Exists (0.3ms)[0m  [1m[34mSELECT  1 AS one FROM "users" WHERE "users"."email" = $1 AND "users"."id" != $2 LIMIT $3[0m  [["email", "julia4@gmail.com"], ["id", 4], ["LIMIT", 1]]
  ↳ app/models/user.rb:30
  [1m[36mUser Exists (0.3ms)[0m  [1m[34mSELECT  1 AS one FROM "users" WHERE "users"."session_token" = $1 AND "users"."id" != $2 LIMIT $3[0m  [["session_token", "PKd5UVKaqNQk8fk1G3dG1Q=="], ["id", 4], ["LIMIT", 1]]
  ↳ app/models/user.rb:30
  [1m[36mUser Update (0.4ms)[0m  [1m[33mUPDATE "users" SET "session_token" = $1, "updated_at" = $2 WHERE "users"."id" = $3[0m  [["session_token", "PKd5UVKaqNQk8fk1G3dG1Q=="], ["updated_at", "2020-03-02 22:34:16.643535"], ["id", 4]]
  ↳ app/models/user.rb:30
  [1m[35m (0.9ms)[0m  [1m[35mCOMMIT[0m
  ↳ app/models/user.rb:30
  Rendering api/users/show.json.jbuilder
  Rendered api/users/show.json.jbuilder (0.5ms)
Completed 200 OK in 21ms (Views: 2.5ms | ActiveRecord: 3.2ms)


Started POST "/api/session" for ::1 at 2020-03-02 14:34:39 -0800
Processing by Api::SessionsController#create as JSON
  Parameters: {"user"=>{"username"=>"julia04", "email"=>"julia4@gmail.com", "first_name"=>"julia", "last_name"=>"TA", "password"=>"[FILTERED]"}}
  [1m[36mUser Load (0.5ms)[0m  [1m[34mSELECT  "users".* FROM "users" WHERE "users"."username" = $1 LIMIT $2[0m  [["username", "julia04"], ["LIMIT", 1]]
  ↳ app/models/user.rb:15
  [1m[35m (0.2ms)[0m  [1m[35mBEGIN[0m
  ↳ app/models/user.rb:30
  [1m[36mUser Exists (0.3ms)[0m  [1m[34mSELECT  1 AS one FROM "users" WHERE "users"."username" = $1 AND "users"."id" != $2 LIMIT $3[0m  [["username", "julia04"], ["id", 4], ["LIMIT", 1]]
  ↳ app/models/user.rb:30
  [1m[36mUser Exists (0.3ms)[0m  [1m[34mSELECT  1 AS one FROM "users" WHERE "users"."email" = $1 AND "users"."id" != $2 LIMIT $3[0m  [["email", "julia4@gmail.com"], ["id", 4], ["LIMIT", 1]]
  ↳ app/models/user.rb:30
  [1m[36mUser Exists (0.3ms)[0m  [1m[34mSELECT  1 AS one FROM "users" WHERE "users"."session_token" = $1 AND "users"."id" != $2 LIMIT $3[0m  [["session_token", "24O6b2TAFPSNRNmP2V+cSw=="], ["id", 4], ["LIMIT", 1]]
  ↳ app/models/user.rb:30
  [1m[36mUser Update (0.3ms)[0m  [1m[33mUPDATE "users" SET "session_token" = $1, "updated_at" = $2 WHERE "users"."id" = $3[0m  [["session_token", "24O6b2TAFPSNRNmP2V+cSw=="], ["updated_at", "2020-03-02 22:34:39.708946"], ["id", 4]]
  ↳ app/models/user.rb:30
  [1m[35m (7.3ms)[0m  [1m[35mCOMMIT[0m
  ↳ app/models/user.rb:30
  Rendering api/users/show.json.jbuilder
  Rendered api/users/show.json.jbuilder (0.6ms)
Completed 200 OK in 295ms (Views: 3.2ms | ActiveRecord: 9.1ms)


Started GET "/" for ::1 at 2020-03-02 15:21:05 -0800
Processing by StaticPagesController#root as HTML
  Rendering static_pages/root.html.erb within layouts/application
  Rendered static_pages/root.html.erb within layouts/application (0.6ms)
Completed 200 OK in 362ms (Views: 360.0ms | ActiveRecord: 0.0ms)


Started GET "/" for ::1 at 2020-03-02 16:33:50 -0800
Processing by StaticPagesController#root as HTML
  Rendering static_pages/root.html.erb within layouts/application
  Rendered static_pages/root.html.erb within layouts/application (1.4ms)
Completed 200 OK in 390ms (Views: 386.1ms | ActiveRecord: 0.0ms)


Started GET "/" for ::1 at 2020-03-02 16:45:03 -0800
Processing by StaticPagesController#root as HTML
  Rendering static_pages/root.html.erb within layouts/application
  Rendered static_pages/root.html.erb within layouts/application (1.4ms)
Completed 200 OK in 414ms (Views: 411.0ms | ActiveRecord: 0.0ms)


Started GET "/" for ::1 at 2020-03-02 16:45:36 -0800
Processing by StaticPagesController#root as HTML
  Rendering static_pages/root.html.erb within layouts/application
  Rendered static_pages/root.html.erb within layouts/application (0.4ms)
Completed 200 OK in 427ms (Views: 426.1ms | ActiveRecord: 0.0ms)


Started GET "/" for ::1 at 2020-03-02 16:59:55 -0800
Processing by StaticPagesController#root as HTML
  Rendering static_pages/root.html.erb within layouts/application
  Rendered static_pages/root.html.erb within layouts/application (0.6ms)
Completed 200 OK in 41ms (Views: 39.9ms | ActiveRecord: 0.0ms)


Started GET "/" for ::1 at 2020-03-02 16:59:58 -0800
Processing by StaticPagesController#root as HTML
  Rendering static_pages/root.html.erb within layouts/application
  Rendered static_pages/root.html.erb within layouts/application (1.0ms)
Completed 200 OK in 57ms (Views: 54.5ms | ActiveRecord: 0.0ms)


Started GET "/" for ::1 at 2020-03-02 17:01:34 -0800
Processing by StaticPagesController#root as HTML
  Rendering static_pages/root.html.erb within layouts/application
  Rendered static_pages/root.html.erb within layouts/application (0.3ms)
Completed 200 OK in 417ms (Views: 416.0ms | ActiveRecord: 0.0ms)


Started GET "/" for ::1 at 2020-03-02 17:02:34 -0800
Processing by StaticPagesController#root as HTML
  Rendering static_pages/root.html.erb within layouts/application
  Rendered static_pages/root.html.erb within layouts/application (0.9ms)
Completed 200 OK in 53ms (Views: 49.0ms | ActiveRecord: 0.0ms)


Started GET "/" for ::1 at 2020-03-02 17:04:25 -0800
Processing by StaticPagesController#root as HTML
  Rendering static_pages/root.html.erb within layouts/application
  Rendered static_pages/root.html.erb within layouts/application (0.5ms)
Completed 200 OK in 422ms (Views: 420.3ms | ActiveRecord: 0.0ms)


Started POST "/api/session" for ::1 at 2020-03-02 17:04:30 -0800
Processing by Api::SessionsController#create as JSON
  Parameters: {"user"=>{"username"=>"julia04", "email"=>"julia4@gmail.com", "first_name"=>"julia", "last_name"=>"TA", "password"=>"[FILTERED]"}}
  [1m[36mUser Load (8.3ms)[0m  [1m[34mSELECT  "users".* FROM "users" WHERE "users"."username" = $1 LIMIT $2[0m  [["username", "julia04"], ["LIMIT", 1]]
  ↳ app/models/user.rb:15
  [1m[35m (0.3ms)[0m  [1m[35mBEGIN[0m
  ↳ app/models/user.rb:30
  [1m[36mUser Exists (0.6ms)[0m  [1m[34mSELECT  1 AS one FROM "users" WHERE "users"."username" = $1 AND "users"."id" != $2 LIMIT $3[0m  [["username", "julia04"], ["id", 4], ["LIMIT", 1]]
  ↳ app/models/user.rb:30
  [1m[36mUser Exists (0.4ms)[0m  [1m[34mSELECT  1 AS one FROM "users" WHERE "users"."email" = $1 AND "users"."id" != $2 LIMIT $3[0m  [["email", "julia4@gmail.com"], ["id", 4], ["LIMIT", 1]]
  ↳ app/models/user.rb:30
  [1m[36mUser Exists (0.4ms)[0m  [1m[34mSELECT  1 AS one FROM "users" WHERE "users"."session_token" = $1 AND "users"."id" != $2 LIMIT $3[0m  [["session_token", "6plB+UjcAjtFiP1af7vSHA=="], ["id", 4], ["LIMIT", 1]]
  ↳ app/models/user.rb:30
  [1m[36mUser Update (0.4ms)[0m  [1m[33mUPDATE "users" SET "session_token" = $1, "updated_at" = $2 WHERE "users"."id" = $3[0m  [["session_token", "6plB+UjcAjtFiP1af7vSHA=="], ["updated_at", "2020-03-03 01:04:31.156685"], ["id", 4]]
  ↳ app/models/user.rb:30
  [1m[35m (8.9ms)[0m  [1m[35mCOMMIT[0m
  ↳ app/models/user.rb:30
  Rendering api/users/show.json.jbuilder
  Rendered api/users/show.json.jbuilder (0.7ms)
Completed 200 OK in 320ms (Views: 4.9ms | ActiveRecord: 19.7ms)


Started GET "/" for ::1 at 2020-03-02 17:10:47 -0800
Processing by StaticPagesController#root as HTML
  Rendering static_pages/root.html.erb within layouts/application
  Rendered static_pages/root.html.erb within layouts/application (0.8ms)
Completed 200 OK in 418ms (Views: 416.6ms | ActiveRecord: 0.0ms)


Started POST "/api/session" for ::1 at 2020-03-02 17:10:53 -0800
Processing by Api::SessionsController#create as JSON
  Parameters: {"user"=>{"username"=>"julia04", "email"=>"julia4@gmail.com", "first_name"=>"julia", "last_name"=>"TA", "password"=>"[FILTERED]"}}
  [1m[36mUser Load (0.7ms)[0m  [1m[34mSELECT  "users".* FROM "users" WHERE "users"."username" = $1 LIMIT $2[0m  [["username", "julia04"], ["LIMIT", 1]]
  ↳ app/models/user.rb:15
  [1m[35m (0.3ms)[0m  [1m[35mBEGIN[0m
  ↳ app/models/user.rb:30
  [1m[36mUser Exists (0.5ms)[0m  [1m[34mSELECT  1 AS one FROM "users" WHERE "users"."username" = $1 AND "users"."id" != $2 LIMIT $3[0m  [["username", "julia04"], ["id", 4], ["LIMIT", 1]]
  ↳ app/models/user.rb:30
  [1m[36mUser Exists (0.6ms)[0m  [1m[34mSELECT  1 AS one FROM "users" WHERE "users"."email" = $1 AND "users"."id" != $2 LIMIT $3[0m  [["email", "julia4@gmail.com"], ["id", 4], ["LIMIT", 1]]
  ↳ app/models/user.rb:30
  [1m[36mUser Exists (0.4ms)[0m  [1m[34mSELECT  1 AS one FROM "users" WHERE "users"."session_token" = $1 AND "users"."id" != $2 LIMIT $3[0m  [["session_token", "dDRpZFBbIz9FxzVLSjD/tQ=="], ["id", 4], ["LIMIT", 1]]
  ↳ app/models/user.rb:30
  [1m[36mUser Update (0.4ms)[0m  [1m[33mUPDATE "users" SET "session_token" = $1, "updated_at" = $2 WHERE "users"."id" = $3[0m  [["session_token", "dDRpZFBbIz9FxzVLSjD/tQ=="], ["updated_at", "2020-03-03 01:10:53.355005"], ["id", 4]]
  ↳ app/models/user.rb:30
  [1m[35m (7.7ms)[0m  [1m[35mCOMMIT[0m
  ↳ app/models/user.rb:30
  Rendering api/users/show.json.jbuilder
  Rendered api/users/show.json.jbuilder (0.7ms)
Completed 200 OK in 301ms (Views: 2.9ms | ActiveRecord: 11.0ms)


Started GET "/" for ::1 at 2020-03-02 17:28:23 -0800
Processing by StaticPagesController#root as HTML
  Rendering static_pages/root.html.erb within layouts/application
  Rendered static_pages/root.html.erb within layouts/application (0.6ms)
Completed 200 OK in 43ms (Views: 41.2ms | ActiveRecord: 0.0ms)


Started GET "/" for ::1 at 2020-03-02 17:48:21 -0800
Processing by StaticPagesController#root as HTML
  Rendering static_pages/root.html.erb within layouts/application
  Rendered static_pages/root.html.erb within layouts/application (0.5ms)
Completed 200 OK in 409ms (Views: 407.7ms | ActiveRecord: 0.0ms)


Started GET "/" for ::1 at 2020-03-02 17:48:24 -0800
Processing by StaticPagesController#root as HTML
  Rendering static_pages/root.html.erb within layouts/application
  Rendered static_pages/root.html.erb within layouts/application (1.4ms)
Completed 200 OK in 99ms (Views: 94.9ms | ActiveRecord: 0.0ms)


Started POST "/api/session" for ::1 at 2020-03-02 17:49:15 -0800
Processing by Api::SessionsController#create as JSON
  Parameters: {"user"=>{"username"=>"", "password"=>"[FILTERED]", "first_name"=>"", "last_name"=>""}}
  [1m[36mUser Load (1.5ms)[0m  [1m[34mSELECT  "users".* FROM "users" WHERE "users"."username" = $1 LIMIT $2[0m  [["username", ""], ["LIMIT", 1]]
  ↳ app/models/user.rb:15
Completed 401 Unauthorized in 8ms (Views: 0.3ms | ActiveRecord: 1.9ms)


Started POST "/api/session" for ::1 at 2020-03-02 17:56:39 -0800
Processing by Api::SessionsController#create as JSON
  Parameters: {"user"=>{"username"=>"julia05", "password"=>"[FILTERED]", "first_name"=>"julia", "last_name"=>"ta"}}
  [1m[36mUser Load (1.5ms)[0m  [1m[34mSELECT  "users".* FROM "users" WHERE "users"."username" = $1 LIMIT $2[0m  [["username", "julia05"], ["LIMIT", 1]]
  ↳ app/models/user.rb:15
Completed 401 Unauthorized in 10ms (Views: 0.6ms | ActiveRecord: 2.2ms)


Started POST "/api/session" for ::1 at 2020-03-02 17:56:58 -0800
Processing by Api::SessionsController#create as JSON
  Parameters: {"user"=>{"username"=>"julia04", "password"=>"[FILTERED]", "first_name"=>"julia", "last_name"=>"ta"}}
  [1m[36mUser Load (0.8ms)[0m  [1m[34mSELECT  "users".* FROM "users" WHERE "users"."username" = $1 LIMIT $2[0m  [["username", "julia04"], ["LIMIT", 1]]
  ↳ app/models/user.rb:15
  [1m[35m (0.1ms)[0m  [1m[35mBEGIN[0m
  ↳ app/models/user.rb:30
  [1m[36mUser Exists (0.5ms)[0m  [1m[34mSELECT  1 AS one FROM "users" WHERE "users"."username" = $1 AND "users"."id" != $2 LIMIT $3[0m  [["username", "julia04"], ["id", 4], ["LIMIT", 1]]
  ↳ app/models/user.rb:30
  [1m[36mUser Exists (0.3ms)[0m  [1m[34mSELECT  1 AS one FROM "users" WHERE "users"."email" = $1 AND "users"."id" != $2 LIMIT $3[0m  [["email", "julia4@gmail.com"], ["id", 4], ["LIMIT", 1]]
  ↳ app/models/user.rb:30
  [1m[36mUser Exists (0.3ms)[0m  [1m[34mSELECT  1 AS one FROM "users" WHERE "users"."session_token" = $1 AND "users"."id" != $2 LIMIT $3[0m  [["session_token", "vWHZRTYbalz7dvltSY6PLA=="], ["id", 4], ["LIMIT", 1]]
  ↳ app/models/user.rb:30
  [1m[36mUser Update (0.4ms)[0m  [1m[33mUPDATE "users" SET "session_token" = $1, "updated_at" = $2 WHERE "users"."id" = $3[0m  [["session_token", "vWHZRTYbalz7dvltSY6PLA=="], ["updated_at", "2020-03-03 01:56:59.284047"], ["id", 4]]
  ↳ app/models/user.rb:30
  [1m[35m (0.8ms)[0m  [1m[35mCOMMIT[0m
  ↳ app/models/user.rb:30
  Rendering api/users/show.json.jbuilder
  Rendered api/users/show.json.jbuilder (0.6ms)
Completed 200 OK in 316ms (Views: 2.7ms | ActiveRecord: 3.3ms)


Started GET "/" for ::1 at 2020-03-02 18:40:26 -0800
Processing by StaticPagesController#root as HTML
  Rendering static_pages/root.html.erb within layouts/application
  Rendered static_pages/root.html.erb within layouts/application (0.8ms)
Completed 200 OK in 432ms (Views: 430.6ms | ActiveRecord: 0.0ms)


Started GET "/" for ::1 at 2020-03-02 18:42:08 -0800
Processing by StaticPagesController#root as HTML
  Rendering static_pages/root.html.erb within layouts/application
  Rendered static_pages/root.html.erb within layouts/application (1.5ms)
Completed 200 OK in 87ms (Views: 84.1ms | ActiveRecord: 0.0ms)


Started GET "/" for ::1 at 2020-03-02 18:47:47 -0800
Processing by StaticPagesController#root as HTML
  Rendering static_pages/root.html.erb within layouts/application
  Rendered static_pages/root.html.erb within layouts/application (0.8ms)
Completed 200 OK in 448ms (Views: 447.1ms | ActiveRecord: 0.0ms)


Started GET "/" for ::1 at 2020-03-02 18:51:26 -0800
Processing by StaticPagesController#root as HTML
  Rendering static_pages/root.html.erb within layouts/application
  Rendered static_pages/root.html.erb within layouts/application (0.4ms)
Completed 200 OK in 455ms (Views: 453.7ms | ActiveRecord: 0.0ms)


